2020-03-17 12:00:09.185 [restartedMain] INFO  org.smartwork.SmartworkApplication - The following profiles are active: dev
2020-03-17 12:00:11.311 [restartedMain] INFO  o.s.d.r.config.RepositoryConfigurationDelegate - Multiple Spring Data modules found, entering strict repository configuration mode!
2020-03-17 12:00:11.315 [restartedMain] INFO  o.s.d.r.config.RepositoryConfigurationDelegate - Bootstrapping Spring Data Redis repositories in DEFAULT mode.
2020-03-17 12:00:11.372 [restartedMain] INFO  o.s.d.r.config.RepositoryConfigurationDelegate - Finished Spring Data repository scanning in 23ms. Found 0 Redis repository interfaces.
2020-03-17 12:00:12.262 [restartedMain] INFO  o.springframework.cloud.context.scope.GenericScope - BeanFactory id=441e36fc-be03-3ac4-a5d1-3e69330730ef
2020-03-17 12:00:12.928 [restartedMain] INFO  o.s.c.s.PostProcessorRegistrationDelegate$BeanPostProcessorChecker - Bean 'org.springframework.transaction.annotation.ProxyTransactionManagementConfiguration' of type [org.springframework.transaction.annotation.ProxyTransactionManagementConfiguration] is not eligible for getting processed by all BeanPostProcessors (for example: not eligible for auto-proxying)
2020-03-17 12:00:13.027 [restartedMain] INFO  o.s.c.s.PostProcessorRegistrationDelegate$BeanPostProcessorChecker - Bean 'spring.datasource.dynamic-com.baomidou.dynamic.datasource.spring.boot.autoconfigure.DynamicDataSourceProperties' of type [com.baomidou.dynamic.datasource.spring.boot.autoconfigure.DynamicDataSourceProperties] is not eligible for getting processed by all BeanPostProcessors (for example: not eligible for auto-proxying)
2020-03-17 12:00:13.039 [restartedMain] INFO  o.s.c.s.PostProcessorRegistrationDelegate$BeanPostProcessorChecker - Bean 'com.baomidou.dynamic.datasource.spring.boot.autoconfigure.DynamicDataSourceAutoConfiguration' of type [com.baomidou.dynamic.datasource.spring.boot.autoconfigure.DynamicDataSourceAutoConfiguration$$EnhancerBySpringCGLIB$$304613dd] is not eligible for getting processed by all BeanPostProcessors (for example: not eligible for auto-proxying)
2020-03-17 12:00:13.076 [restartedMain] INFO  o.s.c.s.PostProcessorRegistrationDelegate$BeanPostProcessorChecker - Bean 'dsProcessor' of type [com.baomidou.dynamic.datasource.processor.DsHeaderProcessor] is not eligible for getting processed by all BeanPostProcessors (for example: not eligible for auto-proxying)
2020-03-17 12:00:13.090 [restartedMain] INFO  o.s.c.s.PostProcessorRegistrationDelegate$BeanPostProcessorChecker - Bean 'dynamicDatasourceAnnotationAdvisor' of type [com.baomidou.dynamic.datasource.aop.DynamicDataSourceAnnotationAdvisor] is not eligible for getting processed by all BeanPostProcessors (for example: not eligible for auto-proxying)
2020-03-17 12:00:13.127 [restartedMain] INFO  o.s.c.s.PostProcessorRegistrationDelegate$BeanPostProcessorChecker - Bean 'spring.redis-org.springframework.boot.autoconfigure.data.redis.RedisProperties' of type [org.springframework.boot.autoconfigure.data.redis.RedisProperties] is not eligible for getting processed by all BeanPostProcessors (for example: not eligible for auto-proxying)
2020-03-17 12:00:13.140 [restartedMain] INFO  o.s.c.s.PostProcessorRegistrationDelegate$BeanPostProcessorChecker - Bean 'org.springframework.boot.autoconfigure.data.redis.LettuceConnectionConfiguration' of type [org.springframework.boot.autoconfigure.data.redis.LettuceConnectionConfiguration] is not eligible for getting processed by all BeanPostProcessors (for example: not eligible for auto-proxying)
2020-03-17 12:00:13.280 [restartedMain] INFO  o.s.c.s.PostProcessorRegistrationDelegate$BeanPostProcessorChecker - Bean 'lettuceClientResources' of type [io.lettuce.core.resource.DefaultClientResources] is not eligible for getting processed by all BeanPostProcessors (for example: not eligible for auto-proxying)
2020-03-17 12:00:13.397 [restartedMain] INFO  o.s.c.s.PostProcessorRegistrationDelegate$BeanPostProcessorChecker - Bean 'redisConnectionFactory' of type [org.springframework.data.redis.connection.lettuce.LettuceConnectionFactory] is not eligible for getting processed by all BeanPostProcessors (for example: not eligible for auto-proxying)
2020-03-17 12:00:13.422 [restartedMain] INFO  o.s.c.s.PostProcessorRegistrationDelegate$BeanPostProcessorChecker - Bean 'redisConfig' of type [org.forbes.config.RedisConfig$$EnhancerBySpringCGLIB$$a13cd99f] is not eligible for getting processed by all BeanPostProcessors (for example: not eligible for auto-proxying)
2020-03-17 12:00:13.533 [restartedMain] INFO  o.s.c.s.PostProcessorRegistrationDelegate$BeanPostProcessorChecker - Bean 'org.springframework.cloud.sleuth.instrument.messaging.TraceMessagingAutoConfiguration$SleuthKafkaConfiguration' of type [org.springframework.cloud.sleuth.instrument.messaging.TraceMessagingAutoConfiguration$SleuthKafkaConfiguration] is not eligible for getting processed by all BeanPostProcessors (for example: not eligible for auto-proxying)
2020-03-17 12:00:13.546 [restartedMain] INFO  o.s.c.s.PostProcessorRegistrationDelegate$BeanPostProcessorChecker - Bean 'spring.sleuth.redis-org.springframework.cloud.sleuth.instrument.redis.TraceRedisProperties' of type [org.springframework.cloud.sleuth.instrument.redis.TraceRedisProperties] is not eligible for getting processed by all BeanPostProcessors (for example: not eligible for auto-proxying)
2020-03-17 12:00:14.265 [restartedMain] INFO  o.s.boot.web.embedded.tomcat.TomcatWebServer - Tomcat initialized with port(s): 8866 (http)
2020-03-17 12:00:14.279 [restartedMain] INFO  org.apache.coyote.http11.Http11NioProtocol - Initializing ProtocolHandler ["http-nio-8866"]
2020-03-17 12:00:14.280 [restartedMain] INFO  org.apache.catalina.core.StandardService - Starting service [Tomcat]
2020-03-17 12:00:14.280 [restartedMain] INFO  org.apache.catalina.core.StandardEngine - Starting Servlet engine: [Apache Tomcat/9.0.30]
2020-03-17 12:00:14.284 [restartedMain] INFO  org.apache.catalina.core.AprLifecycleListener - Loaded APR based Apache Tomcat Native library [1.2.23] using APR version [1.7.0].
2020-03-17 12:00:14.284 [restartedMain] INFO  org.apache.catalina.core.AprLifecycleListener - APR capabilities: IPv6 [true], sendfile [true], accept filters [false], random [true].
2020-03-17 12:00:14.284 [restartedMain] INFO  org.apache.catalina.core.AprLifecycleListener - APR/OpenSSL configuration: useAprConnector [false], useOpenSSL [true]
2020-03-17 12:00:14.299 [restartedMain] INFO  org.apache.catalina.core.AprLifecycleListener - OpenSSL successfully initialized [OpenSSL 1.1.1c  28 May 2019]
2020-03-17 12:00:14.460 [restartedMain] INFO  o.a.c.core.ContainerBase.[Tomcat].[localhost].[/] - Initializing Spring embedded WebApplicationContext
2020-03-17 12:00:14.460 [restartedMain] INFO  org.springframework.web.context.ContextLoader - Root WebApplicationContext: initialization completed in 5241 ms
2020-03-17 12:00:16.277 [restartedMain] INFO  c.b.dynamic.datasource.DynamicDataSourceCreator - 动态数据源-检测到druid存在,如配置中未指定type,druid会默认配置
2020-03-17 12:00:21.420 [restartedMain] INFO  com.alibaba.druid.pool.DruidDataSource - {dataSource-1,master} inited
2020-03-17 12:00:21.421 [restartedMain] INFO  c.b.dynamic.datasource.DynamicRoutingDataSource - 初始共加载 1 个数据源
2020-03-17 12:00:21.422 [restartedMain] INFO  c.b.dynamic.datasource.DynamicRoutingDataSource - 动态数据源-加载 master 成功
2020-03-17 12:00:21.422 [restartedMain] INFO  c.b.dynamic.datasource.DynamicRoutingDataSource - 当前的默认数据源是单数据源，数据源名为 master
2020-03-17 12:13:23.823 [restartedMain] INFO  s.d.s.w.PropertySourcedRequestMappingHandlerMapping - Mapped URL path [/v2/api-docs] onto method [springfox.documentation.swagger2.web.Swagger2Controller#getDocumentation(String, HttpServletRequest)]
2020-03-17 12:13:23.873 [restartedMain] INFO  com.netflix.config.sources.URLConfigurationSource - To enable URLs as dynamic configuration sources, define System property archaius.configurationSource.additionalUrls or make config.properties available on classpath.
2020-03-17 12:13:23.883 [restartedMain] INFO  com.netflix.config.sources.URLConfigurationSource - To enable URLs as dynamic configuration sources, define System property archaius.configurationSource.additionalUrls or make config.properties available on classpath.
2020-03-17 12:13:24.303 [restartedMain] INFO  o.s.scheduling.concurrent.ThreadPoolTaskExecutor - Initializing ExecutorService 'applicationTaskExecutor'
2020-03-17 12:13:24.476 [restartedMain] INFO  o.s.b.d.autoconfigure.OptionalLiveReloadServer - LiveReload server is running on port 35729
2020-03-17 12:13:27.792 [restartedMain] INFO  o.s.cloud.netflix.eureka.InstanceInfoFactory - Setting initial instance status as: STARTING
2020-03-17 12:13:27.841 [restartedMain] INFO  com.netflix.discovery.DiscoveryClient - Initializing Eureka in region us-east-1
2020-03-17 12:13:28.153 [restartedMain] INFO  c.n.discovery.provider.DiscoveryJerseyProvider - Using JSON encoding codec LegacyJacksonJson
2020-03-17 12:13:28.153 [restartedMain] INFO  c.n.discovery.provider.DiscoveryJerseyProvider - Using JSON decoding codec LegacyJacksonJson
2020-03-17 12:13:28.342 [restartedMain] INFO  c.n.discovery.provider.DiscoveryJerseyProvider - Using XML encoding codec XStreamXml
2020-03-17 12:13:28.343 [restartedMain] INFO  c.n.discovery.provider.DiscoveryJerseyProvider - Using XML decoding codec XStreamXml
2020-03-17 12:13:28.710 [restartedMain] INFO  c.n.d.shared.resolver.aws.ConfigClusterResolver - Resolving eureka endpoints via configuration
2020-03-17 12:13:28.863 [restartedMain] INFO  com.netflix.discovery.DiscoveryClient - Disable delta property : false
2020-03-17 12:13:28.863 [restartedMain] INFO  com.netflix.discovery.DiscoveryClient - Single vip registry refresh property : null
2020-03-17 12:13:28.863 [restartedMain] INFO  com.netflix.discovery.DiscoveryClient - Force full registry fetch : false
2020-03-17 12:13:28.863 [restartedMain] INFO  com.netflix.discovery.DiscoveryClient - Application is null : false
2020-03-17 12:13:28.863 [restartedMain] INFO  com.netflix.discovery.DiscoveryClient - Registered Applications size is zero : true
2020-03-17 12:13:28.863 [restartedMain] INFO  com.netflix.discovery.DiscoveryClient - Application version is -1: true
2020-03-17 12:13:28.863 [restartedMain] INFO  com.netflix.discovery.DiscoveryClient - Getting all instance registry info from the eureka server
2020-03-17 12:13:30.296 [restartedMain] INFO  com.netflix.discovery.DiscoveryClient - The response status is 200
2020-03-17 12:13:30.300 [restartedMain] INFO  com.netflix.discovery.DiscoveryClient - Starting heartbeat executor: renew interval is: 5
2020-03-17 12:13:30.303 [restartedMain] INFO  com.netflix.discovery.InstanceInfoReplicator - InstanceInfoReplicator onDemand update allowed rate per min is 4
2020-03-17 12:13:30.308 [restartedMain] INFO  com.netflix.discovery.DiscoveryClient - Discovery Client initialized at timestamp 1584418410306 with initial instances count: 11
2020-03-17 12:13:30.322 [restartedMain] INFO  o.s.c.n.e.serviceregistry.EurekaServiceRegistry - Registering application MESSAGECENTER with eureka with status UP
2020-03-17 12:13:30.323 [restartedMain] INFO  com.netflix.discovery.DiscoveryClient - Saw local status change event StatusChangeEvent [timestamp=1584418410323, current=UP, previous=STARTING]
2020-03-17 12:13:30.328 [DiscoveryClient-InstanceInfoReplicator-0] INFO  com.netflix.discovery.DiscoveryClient - DiscoveryClient_MESSAGECENTER/windows10.microdone.cn:messagecenter:8866: registering service...
2020-03-17 12:13:30.339 [restartedMain] INFO  o.s.scheduling.concurrent.ThreadPoolTaskExecutor - Shutting down ExecutorService 'applicationTaskExecutor'
2020-03-17 12:13:30.394 [DiscoveryClient-InstanceInfoReplicator-0] INFO  com.netflix.discovery.DiscoveryClient - DiscoveryClient_MESSAGECENTER/windows10.microdone.cn:messagecenter:8866 - registration status: 204
2020-03-17 12:13:31.427 [restartedMain] INFO  com.netflix.discovery.DiscoveryClient - Shutting down DiscoveryClient ...
2020-03-17 12:13:34.430 [restartedMain] INFO  com.netflix.discovery.DiscoveryClient - Unregistering ...
2020-03-17 12:13:34.504 [restartedMain] INFO  com.netflix.discovery.DiscoveryClient - DiscoveryClient_MESSAGECENTER/windows10.microdone.cn:messagecenter:8866 - deregister  status: 200
2020-03-17 12:13:34.528 [restartedMain] INFO  com.netflix.discovery.DiscoveryClient - Completed shut down of DiscoveryClient
2020-03-17 12:13:34.531 [restartedMain] INFO  org.apache.catalina.core.StandardService - Stopping service [Tomcat]
2020-03-17 12:15:08.257 [restartedMain] INFO  org.smartwork.SmartworkApplication - The following profiles are active: dev
2020-03-17 12:15:10.155 [restartedMain] INFO  o.s.d.r.config.RepositoryConfigurationDelegate - Multiple Spring Data modules found, entering strict repository configuration mode!
2020-03-17 12:15:10.159 [restartedMain] INFO  o.s.d.r.config.RepositoryConfigurationDelegate - Bootstrapping Spring Data Redis repositories in DEFAULT mode.
2020-03-17 12:15:10.211 [restartedMain] INFO  o.s.d.r.config.RepositoryConfigurationDelegate - Finished Spring Data repository scanning in 24ms. Found 0 Redis repository interfaces.
2020-03-17 12:15:11.081 [restartedMain] INFO  o.springframework.cloud.context.scope.GenericScope - BeanFactory id=441e36fc-be03-3ac4-a5d1-3e69330730ef
2020-03-17 12:15:11.677 [restartedMain] INFO  o.s.c.s.PostProcessorRegistrationDelegate$BeanPostProcessorChecker - Bean 'org.springframework.transaction.annotation.ProxyTransactionManagementConfiguration' of type [org.springframework.transaction.annotation.ProxyTransactionManagementConfiguration] is not eligible for getting processed by all BeanPostProcessors (for example: not eligible for auto-proxying)
2020-03-17 12:15:11.778 [restartedMain] INFO  o.s.c.s.PostProcessorRegistrationDelegate$BeanPostProcessorChecker - Bean 'spring.datasource.dynamic-com.baomidou.dynamic.datasource.spring.boot.autoconfigure.DynamicDataSourceProperties' of type [com.baomidou.dynamic.datasource.spring.boot.autoconfigure.DynamicDataSourceProperties] is not eligible for getting processed by all BeanPostProcessors (for example: not eligible for auto-proxying)
2020-03-17 12:15:11.787 [restartedMain] INFO  o.s.c.s.PostProcessorRegistrationDelegate$BeanPostProcessorChecker - Bean 'com.baomidou.dynamic.datasource.spring.boot.autoconfigure.DynamicDataSourceAutoConfiguration' of type [com.baomidou.dynamic.datasource.spring.boot.autoconfigure.DynamicDataSourceAutoConfiguration$$EnhancerBySpringCGLIB$$c6b00cb1] is not eligible for getting processed by all BeanPostProcessors (for example: not eligible for auto-proxying)
2020-03-17 12:15:11.815 [restartedMain] INFO  o.s.c.s.PostProcessorRegistrationDelegate$BeanPostProcessorChecker - Bean 'dsProcessor' of type [com.baomidou.dynamic.datasource.processor.DsHeaderProcessor] is not eligible for getting processed by all BeanPostProcessors (for example: not eligible for auto-proxying)
2020-03-17 12:15:11.827 [restartedMain] INFO  o.s.c.s.PostProcessorRegistrationDelegate$BeanPostProcessorChecker - Bean 'dynamicDatasourceAnnotationAdvisor' of type [com.baomidou.dynamic.datasource.aop.DynamicDataSourceAnnotationAdvisor] is not eligible for getting processed by all BeanPostProcessors (for example: not eligible for auto-proxying)
2020-03-17 12:15:11.855 [restartedMain] INFO  o.s.c.s.PostProcessorRegistrationDelegate$BeanPostProcessorChecker - Bean 'spring.redis-org.springframework.boot.autoconfigure.data.redis.RedisProperties' of type [org.springframework.boot.autoconfigure.data.redis.RedisProperties] is not eligible for getting processed by all BeanPostProcessors (for example: not eligible for auto-proxying)
2020-03-17 12:15:11.867 [restartedMain] INFO  o.s.c.s.PostProcessorRegistrationDelegate$BeanPostProcessorChecker - Bean 'org.springframework.boot.autoconfigure.data.redis.LettuceConnectionConfiguration' of type [org.springframework.boot.autoconfigure.data.redis.LettuceConnectionConfiguration] is not eligible for getting processed by all BeanPostProcessors (for example: not eligible for auto-proxying)
2020-03-17 12:15:12.050 [restartedMain] INFO  o.s.c.s.PostProcessorRegistrationDelegate$BeanPostProcessorChecker - Bean 'lettuceClientResources' of type [io.lettuce.core.resource.DefaultClientResources] is not eligible for getting processed by all BeanPostProcessors (for example: not eligible for auto-proxying)
2020-03-17 12:15:12.175 [restartedMain] INFO  o.s.c.s.PostProcessorRegistrationDelegate$BeanPostProcessorChecker - Bean 'redisConnectionFactory' of type [org.springframework.data.redis.connection.lettuce.LettuceConnectionFactory] is not eligible for getting processed by all BeanPostProcessors (for example: not eligible for auto-proxying)
2020-03-17 12:15:12.198 [restartedMain] INFO  o.s.c.s.PostProcessorRegistrationDelegate$BeanPostProcessorChecker - Bean 'redisConfig' of type [org.forbes.config.RedisConfig$$EnhancerBySpringCGLIB$$37a6d273] is not eligible for getting processed by all BeanPostProcessors (for example: not eligible for auto-proxying)
2020-03-17 12:15:12.298 [restartedMain] INFO  o.s.c.s.PostProcessorRegistrationDelegate$BeanPostProcessorChecker - Bean 'org.springframework.cloud.sleuth.instrument.messaging.TraceMessagingAutoConfiguration$SleuthKafkaConfiguration' of type [org.springframework.cloud.sleuth.instrument.messaging.TraceMessagingAutoConfiguration$SleuthKafkaConfiguration] is not eligible for getting processed by all BeanPostProcessors (for example: not eligible for auto-proxying)
2020-03-17 12:15:12.309 [restartedMain] INFO  o.s.c.s.PostProcessorRegistrationDelegate$BeanPostProcessorChecker - Bean 'spring.sleuth.redis-org.springframework.cloud.sleuth.instrument.redis.TraceRedisProperties' of type [org.springframework.cloud.sleuth.instrument.redis.TraceRedisProperties] is not eligible for getting processed by all BeanPostProcessors (for example: not eligible for auto-proxying)
2020-03-17 12:15:12.965 [restartedMain] INFO  o.s.boot.web.embedded.tomcat.TomcatWebServer - Tomcat initialized with port(s): 8866 (http)
2020-03-17 12:15:12.978 [restartedMain] INFO  org.apache.coyote.http11.Http11NioProtocol - Initializing ProtocolHandler ["http-nio-8866"]
2020-03-17 12:15:12.978 [restartedMain] INFO  org.apache.catalina.core.StandardService - Starting service [Tomcat]
2020-03-17 12:15:12.978 [restartedMain] INFO  org.apache.catalina.core.StandardEngine - Starting Servlet engine: [Apache Tomcat/9.0.30]
2020-03-17 12:15:12.981 [restartedMain] INFO  org.apache.catalina.core.AprLifecycleListener - Loaded APR based Apache Tomcat Native library [1.2.23] using APR version [1.7.0].
2020-03-17 12:15:12.982 [restartedMain] INFO  org.apache.catalina.core.AprLifecycleListener - APR capabilities: IPv6 [true], sendfile [true], accept filters [false], random [true].
2020-03-17 12:15:12.982 [restartedMain] INFO  org.apache.catalina.core.AprLifecycleListener - APR/OpenSSL configuration: useAprConnector [false], useOpenSSL [true]
2020-03-17 12:15:12.986 [restartedMain] INFO  org.apache.catalina.core.AprLifecycleListener - OpenSSL successfully initialized [OpenSSL 1.1.1c  28 May 2019]
2020-03-17 12:15:13.145 [restartedMain] INFO  o.a.c.core.ContainerBase.[Tomcat].[localhost].[/] - Initializing Spring embedded WebApplicationContext
2020-03-17 12:15:13.145 [restartedMain] INFO  org.springframework.web.context.ContextLoader - Root WebApplicationContext: initialization completed in 4860 ms
2020-03-17 12:15:14.167 [restartedMain] INFO  c.b.dynamic.datasource.DynamicDataSourceCreator - 动态数据源-检测到druid存在,如配置中未指定type,druid会默认配置
2020-03-17 12:15:14.900 [restartedMain] INFO  com.alibaba.druid.pool.DruidDataSource - {dataSource-1,master} inited
2020-03-17 12:15:14.901 [restartedMain] INFO  c.b.dynamic.datasource.DynamicRoutingDataSource - 初始共加载 1 个数据源
2020-03-17 12:15:14.902 [restartedMain] INFO  c.b.dynamic.datasource.DynamicRoutingDataSource - 动态数据源-加载 master 成功
2020-03-17 12:15:14.903 [restartedMain] INFO  c.b.dynamic.datasource.DynamicRoutingDataSource - 当前的默认数据源是单数据源，数据源名为 master
2020-03-17 12:15:22.466 [restartedMain] INFO  s.d.s.w.PropertySourcedRequestMappingHandlerMapping - Mapped URL path [/v2/api-docs] onto method [springfox.documentation.swagger2.web.Swagger2Controller#getDocumentation(String, HttpServletRequest)]
2020-03-17 12:15:22.509 [restartedMain] INFO  com.netflix.config.sources.URLConfigurationSource - To enable URLs as dynamic configuration sources, define System property archaius.configurationSource.additionalUrls or make config.properties available on classpath.
2020-03-17 12:15:22.516 [restartedMain] INFO  com.netflix.config.sources.URLConfigurationSource - To enable URLs as dynamic configuration sources, define System property archaius.configurationSource.additionalUrls or make config.properties available on classpath.
2020-03-17 12:15:22.941 [restartedMain] INFO  o.s.scheduling.concurrent.ThreadPoolTaskExecutor - Initializing ExecutorService 'applicationTaskExecutor'
2020-03-17 12:15:23.090 [restartedMain] INFO  o.s.b.d.autoconfigure.OptionalLiveReloadServer - LiveReload server is running on port 35729
2020-03-17 12:15:26.277 [restartedMain] INFO  o.s.cloud.netflix.eureka.InstanceInfoFactory - Setting initial instance status as: STARTING
2020-03-17 12:15:26.326 [restartedMain] INFO  com.netflix.discovery.DiscoveryClient - Initializing Eureka in region us-east-1
2020-03-17 12:15:26.633 [restartedMain] INFO  c.n.discovery.provider.DiscoveryJerseyProvider - Using JSON encoding codec LegacyJacksonJson
2020-03-17 12:15:26.633 [restartedMain] INFO  c.n.discovery.provider.DiscoveryJerseyProvider - Using JSON decoding codec LegacyJacksonJson
2020-03-17 12:15:26.801 [restartedMain] INFO  c.n.discovery.provider.DiscoveryJerseyProvider - Using XML encoding codec XStreamXml
2020-03-17 12:15:26.802 [restartedMain] INFO  c.n.discovery.provider.DiscoveryJerseyProvider - Using XML decoding codec XStreamXml
2020-03-17 12:15:27.192 [restartedMain] INFO  c.n.d.shared.resolver.aws.ConfigClusterResolver - Resolving eureka endpoints via configuration
2020-03-17 12:15:27.351 [restartedMain] INFO  com.netflix.discovery.DiscoveryClient - Disable delta property : false
2020-03-17 12:15:27.351 [restartedMain] INFO  com.netflix.discovery.DiscoveryClient - Single vip registry refresh property : null
2020-03-17 12:15:27.351 [restartedMain] INFO  com.netflix.discovery.DiscoveryClient - Force full registry fetch : false
2020-03-17 12:15:27.351 [restartedMain] INFO  com.netflix.discovery.DiscoveryClient - Application is null : false
2020-03-17 12:15:27.352 [restartedMain] INFO  com.netflix.discovery.DiscoveryClient - Registered Applications size is zero : true
2020-03-17 12:15:27.352 [restartedMain] INFO  com.netflix.discovery.DiscoveryClient - Application version is -1: true
2020-03-17 12:15:27.352 [restartedMain] INFO  com.netflix.discovery.DiscoveryClient - Getting all instance registry info from the eureka server
2020-03-17 12:15:27.651 [restartedMain] INFO  com.netflix.discovery.DiscoveryClient - The response status is 200
2020-03-17 12:15:27.655 [restartedMain] INFO  com.netflix.discovery.DiscoveryClient - Starting heartbeat executor: renew interval is: 5
2020-03-17 12:15:27.658 [restartedMain] INFO  com.netflix.discovery.InstanceInfoReplicator - InstanceInfoReplicator onDemand update allowed rate per min is 4
2020-03-17 12:15:27.663 [restartedMain] INFO  com.netflix.discovery.DiscoveryClient - Discovery Client initialized at timestamp 1584418527662 with initial instances count: 11
2020-03-17 12:15:27.680 [restartedMain] INFO  o.s.c.n.e.serviceregistry.EurekaServiceRegistry - Registering application MESSAGECENTER with eureka with status UP
2020-03-17 12:15:27.681 [restartedMain] INFO  com.netflix.discovery.DiscoveryClient - Saw local status change event StatusChangeEvent [timestamp=1584418527681, current=UP, previous=STARTING]
2020-03-17 12:15:27.686 [DiscoveryClient-InstanceInfoReplicator-0] INFO  com.netflix.discovery.DiscoveryClient - DiscoveryClient_MESSAGECENTER/windows10.microdone.cn:messagecenter:8866: registering service...
2020-03-17 12:15:27.717 [restartedMain] INFO  org.apache.kafka.clients.admin.AdminClientConfig - AdminClientConfig values: 
	bootstrap.servers = [172.17.16.4:9092]
	client.dns.lookup = default
	client.id = 
	connections.max.idle.ms = 300000
	metadata.max.age.ms = 300000
	metric.reporters = []
	metrics.num.samples = 2
	metrics.recording.level = INFO
	metrics.sample.window.ms = 30000
	receive.buffer.bytes = 65536
	reconnect.backoff.max.ms = 1000
	reconnect.backoff.ms = 50
	request.timeout.ms = 120000
	retries = 5
	retry.backoff.ms = 100
	sasl.client.callback.handler.class = null
	sasl.jaas.config = null
	sasl.kerberos.kinit.cmd = /usr/bin/kinit
	sasl.kerberos.min.time.before.relogin = 60000
	sasl.kerberos.service.name = null
	sasl.kerberos.ticket.renew.jitter = 0.05
	sasl.kerberos.ticket.renew.window.factor = 0.8
	sasl.login.callback.handler.class = null
	sasl.login.class = null
	sasl.login.refresh.buffer.seconds = 300
	sasl.login.refresh.min.period.seconds = 60
	sasl.login.refresh.window.factor = 0.8
	sasl.login.refresh.window.jitter = 0.05
	sasl.mechanism = GSSAPI
	security.protocol = PLAINTEXT
	send.buffer.bytes = 131072
	ssl.cipher.suites = null
	ssl.enabled.protocols = [TLSv1.2, TLSv1.1, TLSv1]
	ssl.endpoint.identification.algorithm = https
	ssl.key.password = null
	ssl.keymanager.algorithm = SunX509
	ssl.keystore.location = null
	ssl.keystore.password = null
	ssl.keystore.type = JKS
	ssl.protocol = TLS
	ssl.provider = null
	ssl.secure.random.implementation = null
	ssl.trustmanager.algorithm = PKIX
	ssl.truststore.location = null
	ssl.truststore.password = null
	ssl.truststore.type = JKS

2020-03-17 12:15:27.750 [DiscoveryClient-InstanceInfoReplicator-0] INFO  com.netflix.discovery.DiscoveryClient - DiscoveryClient_MESSAGECENTER/windows10.microdone.cn:messagecenter:8866 - registration status: 204
2020-03-17 12:15:27.778 [restartedMain] INFO  org.apache.kafka.common.utils.AppInfoParser - Kafka version: 2.3.1
2020-03-17 12:15:27.778 [restartedMain] INFO  org.apache.kafka.common.utils.AppInfoParser - Kafka commitId: 18a913733fb71c01
2020-03-17 12:15:27.778 [restartedMain] INFO  org.apache.kafka.common.utils.AppInfoParser - Kafka startTimeMs: 1584418527775
2020-03-17 12:17:27.784 [kafka-admin-client-thread | adminclient-1] INFO  o.a.k.clients.admin.internals.AdminMetadataManager - [AdminClient clientId=adminclient-1] Metadata update failed
org.apache.kafka.common.errors.TimeoutException: Timed out waiting to send the call.
2020-03-17 12:17:35.650 [kafka-admin-client-thread | adminclient-1] INFO  o.a.k.clients.admin.internals.AdminMetadataManager - [AdminClient clientId=adminclient-1] Metadata update failed
org.apache.kafka.common.errors.TimeoutException: The AdminClient thread has exited.
2020-03-17 12:17:35.661 [restartedMain] INFO  o.s.scheduling.concurrent.ThreadPoolTaskExecutor - Shutting down ExecutorService 'applicationTaskExecutor'
2020-03-17 12:17:36.405 [restartedMain] INFO  com.netflix.discovery.DiscoveryClient - Shutting down DiscoveryClient ...
2020-03-17 12:17:39.408 [restartedMain] INFO  com.netflix.discovery.DiscoveryClient - Unregistering ...
2020-03-17 12:17:39.425 [restartedMain] INFO  com.netflix.discovery.DiscoveryClient - DiscoveryClient_MESSAGECENTER/windows10.microdone.cn:messagecenter:8866 - deregister  status: 200
2020-03-17 12:17:39.432 [restartedMain] INFO  com.netflix.discovery.DiscoveryClient - Completed shut down of DiscoveryClient
2020-03-17 12:17:39.434 [restartedMain] INFO  org.apache.catalina.core.StandardService - Stopping service [Tomcat]
2020-03-17 12:21:49.569 [restartedMain] INFO  org.smartwork.SmartworkApplication - The following profiles are active: dev
2020-03-17 12:21:51.467 [restartedMain] INFO  o.s.d.r.config.RepositoryConfigurationDelegate - Multiple Spring Data modules found, entering strict repository configuration mode!
2020-03-17 12:21:51.470 [restartedMain] INFO  o.s.d.r.config.RepositoryConfigurationDelegate - Bootstrapping Spring Data Redis repositories in DEFAULT mode.
2020-03-17 12:21:51.521 [restartedMain] INFO  o.s.d.r.config.RepositoryConfigurationDelegate - Finished Spring Data repository scanning in 21ms. Found 0 Redis repository interfaces.
2020-03-17 12:21:52.391 [restartedMain] INFO  o.springframework.cloud.context.scope.GenericScope - BeanFactory id=db18790a-2cb9-389d-85b1-7022792787f4
2020-03-17 12:21:53.034 [restartedMain] INFO  o.s.c.s.PostProcessorRegistrationDelegate$BeanPostProcessorChecker - Bean 'org.springframework.transaction.annotation.ProxyTransactionManagementConfiguration' of type [org.springframework.transaction.annotation.ProxyTransactionManagementConfiguration] is not eligible for getting processed by all BeanPostProcessors (for example: not eligible for auto-proxying)
2020-03-17 12:21:53.123 [restartedMain] INFO  o.s.c.s.PostProcessorRegistrationDelegate$BeanPostProcessorChecker - Bean 'spring.datasource.dynamic-com.baomidou.dynamic.datasource.spring.boot.autoconfigure.DynamicDataSourceProperties' of type [com.baomidou.dynamic.datasource.spring.boot.autoconfigure.DynamicDataSourceProperties] is not eligible for getting processed by all BeanPostProcessors (for example: not eligible for auto-proxying)
2020-03-17 12:21:53.130 [restartedMain] INFO  o.s.c.s.PostProcessorRegistrationDelegate$BeanPostProcessorChecker - Bean 'com.baomidou.dynamic.datasource.spring.boot.autoconfigure.DynamicDataSourceAutoConfiguration' of type [com.baomidou.dynamic.datasource.spring.boot.autoconfigure.DynamicDataSourceAutoConfiguration$$EnhancerBySpringCGLIB$$ae8b84e7] is not eligible for getting processed by all BeanPostProcessors (for example: not eligible for auto-proxying)
2020-03-17 12:21:53.161 [restartedMain] INFO  o.s.c.s.PostProcessorRegistrationDelegate$BeanPostProcessorChecker - Bean 'dsProcessor' of type [com.baomidou.dynamic.datasource.processor.DsHeaderProcessor] is not eligible for getting processed by all BeanPostProcessors (for example: not eligible for auto-proxying)
2020-03-17 12:21:53.173 [restartedMain] INFO  o.s.c.s.PostProcessorRegistrationDelegate$BeanPostProcessorChecker - Bean 'dynamicDatasourceAnnotationAdvisor' of type [com.baomidou.dynamic.datasource.aop.DynamicDataSourceAnnotationAdvisor] is not eligible for getting processed by all BeanPostProcessors (for example: not eligible for auto-proxying)
2020-03-17 12:21:53.202 [restartedMain] INFO  o.s.c.s.PostProcessorRegistrationDelegate$BeanPostProcessorChecker - Bean 'spring.redis-org.springframework.boot.autoconfigure.data.redis.RedisProperties' of type [org.springframework.boot.autoconfigure.data.redis.RedisProperties] is not eligible for getting processed by all BeanPostProcessors (for example: not eligible for auto-proxying)
2020-03-17 12:21:53.215 [restartedMain] INFO  o.s.c.s.PostProcessorRegistrationDelegate$BeanPostProcessorChecker - Bean 'org.springframework.boot.autoconfigure.data.redis.LettuceConnectionConfiguration' of type [org.springframework.boot.autoconfigure.data.redis.LettuceConnectionConfiguration] is not eligible for getting processed by all BeanPostProcessors (for example: not eligible for auto-proxying)
2020-03-17 12:21:53.392 [restartedMain] INFO  o.s.c.s.PostProcessorRegistrationDelegate$BeanPostProcessorChecker - Bean 'lettuceClientResources' of type [io.lettuce.core.resource.DefaultClientResources] is not eligible for getting processed by all BeanPostProcessors (for example: not eligible for auto-proxying)
2020-03-17 12:21:53.521 [restartedMain] INFO  o.s.c.s.PostProcessorRegistrationDelegate$BeanPostProcessorChecker - Bean 'redisConnectionFactory' of type [org.springframework.data.redis.connection.lettuce.LettuceConnectionFactory] is not eligible for getting processed by all BeanPostProcessors (for example: not eligible for auto-proxying)
2020-03-17 12:21:53.546 [restartedMain] INFO  o.s.c.s.PostProcessorRegistrationDelegate$BeanPostProcessorChecker - Bean 'redisConfig' of type [org.forbes.config.RedisConfig$$EnhancerBySpringCGLIB$$1f824aa9] is not eligible for getting processed by all BeanPostProcessors (for example: not eligible for auto-proxying)
2020-03-17 12:21:53.663 [restartedMain] INFO  o.s.c.s.PostProcessorRegistrationDelegate$BeanPostProcessorChecker - Bean 'org.springframework.cloud.sleuth.instrument.messaging.TraceMessagingAutoConfiguration$SleuthKafkaConfiguration' of type [org.springframework.cloud.sleuth.instrument.messaging.TraceMessagingAutoConfiguration$SleuthKafkaConfiguration] is not eligible for getting processed by all BeanPostProcessors (for example: not eligible for auto-proxying)
2020-03-17 12:21:53.678 [restartedMain] INFO  o.s.c.s.PostProcessorRegistrationDelegate$BeanPostProcessorChecker - Bean 'spring.sleuth.redis-org.springframework.cloud.sleuth.instrument.redis.TraceRedisProperties' of type [org.springframework.cloud.sleuth.instrument.redis.TraceRedisProperties] is not eligible for getting processed by all BeanPostProcessors (for example: not eligible for auto-proxying)
2020-03-17 12:21:54.396 [restartedMain] INFO  o.s.boot.web.embedded.tomcat.TomcatWebServer - Tomcat initialized with port(s): 8866 (http)
2020-03-17 12:21:54.410 [restartedMain] INFO  org.apache.coyote.http11.Http11NioProtocol - Initializing ProtocolHandler ["http-nio-8866"]
2020-03-17 12:21:54.411 [restartedMain] INFO  org.apache.catalina.core.StandardService - Starting service [Tomcat]
2020-03-17 12:21:54.412 [restartedMain] INFO  org.apache.catalina.core.StandardEngine - Starting Servlet engine: [Apache Tomcat/9.0.30]
2020-03-17 12:21:54.416 [restartedMain] INFO  org.apache.catalina.core.AprLifecycleListener - Loaded APR based Apache Tomcat Native library [1.2.23] using APR version [1.7.0].
2020-03-17 12:21:54.416 [restartedMain] INFO  org.apache.catalina.core.AprLifecycleListener - APR capabilities: IPv6 [true], sendfile [true], accept filters [false], random [true].
2020-03-17 12:21:54.416 [restartedMain] INFO  org.apache.catalina.core.AprLifecycleListener - APR/OpenSSL configuration: useAprConnector [false], useOpenSSL [true]
2020-03-17 12:21:54.422 [restartedMain] INFO  org.apache.catalina.core.AprLifecycleListener - OpenSSL successfully initialized [OpenSSL 1.1.1c  28 May 2019]
2020-03-17 12:21:54.608 [restartedMain] INFO  o.a.c.core.ContainerBase.[Tomcat].[localhost].[/] - Initializing Spring embedded WebApplicationContext
2020-03-17 12:21:54.608 [restartedMain] INFO  org.springframework.web.context.ContextLoader - Root WebApplicationContext: initialization completed in 5010 ms
2020-03-17 12:21:55.631 [restartedMain] INFO  c.b.dynamic.datasource.DynamicDataSourceCreator - 动态数据源-检测到druid存在,如配置中未指定type,druid会默认配置
2020-03-17 12:21:56.602 [restartedMain] INFO  com.alibaba.druid.pool.DruidDataSource - {dataSource-1,master} inited
2020-03-17 12:21:56.603 [restartedMain] INFO  c.b.dynamic.datasource.DynamicRoutingDataSource - 初始共加载 1 个数据源
2020-03-17 12:21:56.603 [restartedMain] INFO  c.b.dynamic.datasource.DynamicRoutingDataSource - 动态数据源-加载 master 成功
2020-03-17 12:21:56.603 [restartedMain] INFO  c.b.dynamic.datasource.DynamicRoutingDataSource - 当前的默认数据源是单数据源，数据源名为 master
2020-03-17 12:22:08.674 [restartedMain] INFO  s.d.s.w.PropertySourcedRequestMappingHandlerMapping - Mapped URL path [/v2/api-docs] onto method [springfox.documentation.swagger2.web.Swagger2Controller#getDocumentation(String, HttpServletRequest)]
2020-03-17 12:22:08.718 [restartedMain] INFO  com.netflix.config.sources.URLConfigurationSource - To enable URLs as dynamic configuration sources, define System property archaius.configurationSource.additionalUrls or make config.properties available on classpath.
2020-03-17 12:22:08.725 [restartedMain] INFO  com.netflix.config.sources.URLConfigurationSource - To enable URLs as dynamic configuration sources, define System property archaius.configurationSource.additionalUrls or make config.properties available on classpath.
2020-03-17 12:22:09.133 [restartedMain] INFO  o.s.scheduling.concurrent.ThreadPoolTaskExecutor - Initializing ExecutorService 'applicationTaskExecutor'
2020-03-17 12:22:09.300 [restartedMain] INFO  o.s.b.d.autoconfigure.OptionalLiveReloadServer - LiveReload server is running on port 35729
2020-03-17 12:22:12.509 [restartedMain] INFO  o.s.cloud.netflix.eureka.InstanceInfoFactory - Setting initial instance status as: STARTING
2020-03-17 12:22:12.566 [restartedMain] INFO  com.netflix.discovery.DiscoveryClient - Initializing Eureka in region us-east-1
2020-03-17 12:22:12.915 [restartedMain] INFO  c.n.discovery.provider.DiscoveryJerseyProvider - Using JSON encoding codec LegacyJacksonJson
2020-03-17 12:22:12.915 [restartedMain] INFO  c.n.discovery.provider.DiscoveryJerseyProvider - Using JSON decoding codec LegacyJacksonJson
2020-03-17 12:22:13.092 [restartedMain] INFO  c.n.discovery.provider.DiscoveryJerseyProvider - Using XML encoding codec XStreamXml
2020-03-17 12:22:13.092 [restartedMain] INFO  c.n.discovery.provider.DiscoveryJerseyProvider - Using XML decoding codec XStreamXml
2020-03-17 12:22:13.477 [restartedMain] INFO  c.n.d.shared.resolver.aws.ConfigClusterResolver - Resolving eureka endpoints via configuration
2020-03-17 12:22:13.625 [restartedMain] INFO  com.netflix.discovery.DiscoveryClient - Disable delta property : false
2020-03-17 12:22:13.625 [restartedMain] INFO  com.netflix.discovery.DiscoveryClient - Single vip registry refresh property : null
2020-03-17 12:22:13.625 [restartedMain] INFO  com.netflix.discovery.DiscoveryClient - Force full registry fetch : false
2020-03-17 12:22:13.625 [restartedMain] INFO  com.netflix.discovery.DiscoveryClient - Application is null : false
2020-03-17 12:22:13.626 [restartedMain] INFO  com.netflix.discovery.DiscoveryClient - Registered Applications size is zero : true
2020-03-17 12:22:13.626 [restartedMain] INFO  com.netflix.discovery.DiscoveryClient - Application version is -1: true
2020-03-17 12:22:13.626 [restartedMain] INFO  com.netflix.discovery.DiscoveryClient - Getting all instance registry info from the eureka server
2020-03-17 12:22:13.952 [restartedMain] INFO  com.netflix.discovery.DiscoveryClient - The response status is 200
2020-03-17 12:22:13.956 [restartedMain] INFO  com.netflix.discovery.DiscoveryClient - Starting heartbeat executor: renew interval is: 5
2020-03-17 12:22:13.960 [restartedMain] INFO  com.netflix.discovery.InstanceInfoReplicator - InstanceInfoReplicator onDemand update allowed rate per min is 4
2020-03-17 12:22:13.967 [restartedMain] INFO  com.netflix.discovery.DiscoveryClient - Discovery Client initialized at timestamp 1584418933966 with initial instances count: 11
2020-03-17 12:22:13.984 [restartedMain] INFO  o.s.c.n.e.serviceregistry.EurekaServiceRegistry - Registering application MESSAGECENTER with eureka with status UP
2020-03-17 12:22:13.985 [restartedMain] INFO  com.netflix.discovery.DiscoveryClient - Saw local status change event StatusChangeEvent [timestamp=1584418933985, current=UP, previous=STARTING]
2020-03-17 12:22:13.988 [restartedMain] INFO  s.d.s.web.plugins.DocumentationPluginsBootstrapper - Context refreshed
2020-03-17 12:22:13.989 [DiscoveryClient-InstanceInfoReplicator-0] INFO  com.netflix.discovery.DiscoveryClient - DiscoveryClient_MESSAGECENTER/windows10.microdone.cn:messagecenter:8866: registering service...
2020-03-17 12:22:14.020 [restartedMain] INFO  s.d.s.web.plugins.DocumentationPluginsBootstrapper - Found 1 custom documentation plugin(s)
2020-03-17 12:22:14.054 [DiscoveryClient-InstanceInfoReplicator-0] INFO  com.netflix.discovery.DiscoveryClient - DiscoveryClient_MESSAGECENTER/windows10.microdone.cn:messagecenter:8866 - registration status: 204
2020-03-17 12:22:14.074 [restartedMain] INFO  s.d.spring.web.scanners.ApiListingReferenceScanner - Scanning for api listing references
2020-03-17 12:22:14.397 [restartedMain] INFO  s.d.s.w.r.operation.CachingOperationNameGenerator - Generating unique operation named: addUsingPOST_1
2020-03-17 12:22:14.400 [restartedMain] INFO  s.d.s.w.r.operation.CachingOperationNameGenerator - Generating unique operation named: checkCodeUsingGET_1
2020-03-17 12:22:14.403 [restartedMain] INFO  s.d.s.w.r.operation.CachingOperationNameGenerator - Generating unique operation named: deleteUsingDELETE_1
2020-03-17 12:22:14.409 [restartedMain] INFO  s.d.s.w.r.operation.CachingOperationNameGenerator - Generating unique operation named: deleteBatchUsingDELETE_1
2020-03-17 12:22:14.412 [restartedMain] INFO  s.d.s.w.r.operation.CachingOperationNameGenerator - Generating unique operation named: editUsingPUT_1
2020-03-17 12:22:14.414 [restartedMain] INFO  s.d.s.w.r.operation.CachingOperationNameGenerator - Generating unique operation named: receByIdUsingGET_1
2020-03-17 12:22:14.420 [restartedMain] INFO  s.d.s.w.r.operation.CachingOperationNameGenerator - Generating unique operation named: selecAllsUsingGET_1
2020-03-17 12:22:14.434 [restartedMain] INFO  s.d.s.w.r.operation.CachingOperationNameGenerator - Generating unique operation named: selectPageUsingGET_1
2020-03-17 12:22:14.453 [restartedMain] INFO  s.d.s.w.r.operation.CachingOperationNameGenerator - Generating unique operation named: addUsingPOST_2
2020-03-17 12:22:14.456 [restartedMain] INFO  s.d.s.w.r.operation.CachingOperationNameGenerator - Generating unique operation named: checkCodeUsingGET_2
2020-03-17 12:22:14.458 [restartedMain] INFO  s.d.s.w.r.operation.CachingOperationNameGenerator - Generating unique operation named: deleteUsingDELETE_2
2020-03-17 12:22:14.460 [restartedMain] INFO  s.d.s.w.r.operation.CachingOperationNameGenerator - Generating unique operation named: deleteBatchUsingDELETE_2
2020-03-17 12:22:14.462 [restartedMain] INFO  s.d.s.w.r.operation.CachingOperationNameGenerator - Generating unique operation named: editUsingPUT_2
2020-03-17 12:22:14.464 [restartedMain] INFO  s.d.s.w.r.operation.CachingOperationNameGenerator - Generating unique operation named: receByIdUsingGET_2
2020-03-17 12:22:14.469 [restartedMain] INFO  s.d.s.w.r.operation.CachingOperationNameGenerator - Generating unique operation named: selecAllsUsingGET_2
2020-03-17 12:22:14.481 [restartedMain] INFO  s.d.s.w.r.operation.CachingOperationNameGenerator - Generating unique operation named: selectPageUsingGET_2
2020-03-17 12:22:14.498 [restartedMain] INFO  s.d.s.w.r.operation.CachingOperationNameGenerator - Generating unique operation named: addUsingPOST_3
2020-03-17 12:22:14.505 [restartedMain] INFO  s.d.s.w.r.operation.CachingOperationNameGenerator - Generating unique operation named: checkCodeUsingGET_3
2020-03-17 12:22:14.512 [restartedMain] INFO  s.d.s.w.r.operation.CachingOperationNameGenerator - Generating unique operation named: deleteUsingDELETE_3
2020-03-17 12:22:14.514 [restartedMain] INFO  s.d.s.w.r.operation.CachingOperationNameGenerator - Generating unique operation named: deleteBatchUsingDELETE_3
2020-03-17 12:22:14.517 [restartedMain] INFO  s.d.s.w.r.operation.CachingOperationNameGenerator - Generating unique operation named: editUsingPUT_3
2020-03-17 12:22:14.521 [restartedMain] INFO  s.d.s.w.r.operation.CachingOperationNameGenerator - Generating unique operation named: receByIdUsingGET_3
2020-03-17 12:22:14.527 [restartedMain] INFO  s.d.s.w.r.operation.CachingOperationNameGenerator - Generating unique operation named: selecAllsUsingGET_3
2020-03-17 12:22:14.539 [restartedMain] INFO  s.d.s.w.r.operation.CachingOperationNameGenerator - Generating unique operation named: selectPageUsingGET_3
2020-03-17 12:22:14.551 [restartedMain] INFO  s.d.s.w.r.operation.CachingOperationNameGenerator - Generating unique operation named: addUsingPOST_4
2020-03-17 12:22:14.552 [restartedMain] INFO  s.d.s.w.r.operation.CachingOperationNameGenerator - Generating unique operation named: checkCodeUsingGET_4
2020-03-17 12:22:14.554 [restartedMain] INFO  s.d.s.w.r.operation.CachingOperationNameGenerator - Generating unique operation named: deleteUsingDELETE_4
2020-03-17 12:22:14.555 [restartedMain] INFO  s.d.s.w.r.operation.CachingOperationNameGenerator - Generating unique operation named: deleteBatchUsingDELETE_4
2020-03-17 12:22:14.557 [restartedMain] INFO  s.d.s.w.r.operation.CachingOperationNameGenerator - Generating unique operation named: editUsingPUT_4
2020-03-17 12:22:14.559 [restartedMain] INFO  s.d.s.w.r.operation.CachingOperationNameGenerator - Generating unique operation named: receByIdUsingGET_4
2020-03-17 12:22:14.563 [restartedMain] INFO  s.d.s.w.r.operation.CachingOperationNameGenerator - Generating unique operation named: selecAllsUsingGET_4
2020-03-17 12:22:14.582 [restartedMain] INFO  s.d.s.w.r.operation.CachingOperationNameGenerator - Generating unique operation named: selectPageUsingGET_4
2020-03-17 12:22:14.596 [restartedMain] INFO  s.d.s.w.r.operation.CachingOperationNameGenerator - Generating unique operation named: addUsingPOST_5
2020-03-17 12:22:14.599 [restartedMain] INFO  s.d.s.w.r.operation.CachingOperationNameGenerator - Generating unique operation named: checkCodeUsingGET_5
2020-03-17 12:22:14.602 [restartedMain] INFO  s.d.s.w.r.operation.CachingOperationNameGenerator - Generating unique operation named: deleteUsingDELETE_5
2020-03-17 12:22:14.603 [restartedMain] INFO  s.d.s.w.r.operation.CachingOperationNameGenerator - Generating unique operation named: deleteBatchUsingDELETE_5
2020-03-17 12:22:14.607 [restartedMain] INFO  s.d.s.w.r.operation.CachingOperationNameGenerator - Generating unique operation named: editUsingPUT_5
2020-03-17 12:22:14.610 [restartedMain] INFO  s.d.s.w.r.operation.CachingOperationNameGenerator - Generating unique operation named: receByIdUsingGET_5
2020-03-17 12:22:14.617 [restartedMain] INFO  s.d.s.w.r.operation.CachingOperationNameGenerator - Generating unique operation named: selecAllsUsingGET_5
2020-03-17 12:22:14.634 [restartedMain] INFO  s.d.s.w.r.operation.CachingOperationNameGenerator - Generating unique operation named: selectPageUsingGET_5
2020-03-17 12:22:14.657 [restartedMain] INFO  s.d.s.w.r.operation.CachingOperationNameGenerator - Generating unique operation named: addUsingPOST_6
2020-03-17 12:22:14.661 [restartedMain] INFO  s.d.s.w.r.operation.CachingOperationNameGenerator - Generating unique operation named: changeReleaseStateUsingPUT_1
2020-03-17 12:22:14.663 [restartedMain] INFO  s.d.s.w.r.operation.CachingOperationNameGenerator - Generating unique operation named: checkCodeUsingGET_6
2020-03-17 12:22:14.665 [restartedMain] INFO  s.d.s.w.r.operation.CachingOperationNameGenerator - Generating unique operation named: deleteUsingDELETE_6
2020-03-17 12:22:14.669 [restartedMain] INFO  s.d.s.w.r.operation.CachingOperationNameGenerator - Generating unique operation named: deleteBatchUsingDELETE_6
2020-03-17 12:22:14.675 [restartedMain] INFO  s.d.s.w.r.operation.CachingOperationNameGenerator - Generating unique operation named: editUsingPUT_6
2020-03-17 12:22:14.679 [restartedMain] INFO  s.d.s.w.r.operation.CachingOperationNameGenerator - Generating unique operation named: receByIdUsingGET_6
2020-03-17 12:22:14.688 [restartedMain] INFO  s.d.s.w.r.operation.CachingOperationNameGenerator - Generating unique operation named: selecAllsUsingGET_6
2020-03-17 12:22:14.711 [restartedMain] INFO  s.d.s.w.r.operation.CachingOperationNameGenerator - Generating unique operation named: selectPageUsingGET_6
2020-03-17 12:22:14.767 [restartedMain] INFO  org.apache.coyote.http11.Http11NioProtocol - Starting ProtocolHandler ["http-nio-8866"]
2020-03-17 12:22:14.815 [restartedMain] INFO  o.s.boot.web.embedded.tomcat.TomcatWebServer - Tomcat started on port(s): 8866 (http) with context path ''
2020-03-17 12:22:14.816 [restartedMain] INFO  o.s.c.n.e.s.EurekaAutoServiceRegistration - Updating port to 8866
2020-03-17 12:22:15.045 [restartedMain] INFO  org.smartwork.SmartworkApplication - Started SmartworkApplication in 27.258 seconds (JVM running for 28.99)
2020-03-17 12:22:41.619 [http-nio-8866-exec-1] INFO  o.a.c.core.ContainerBase.[Tomcat].[localhost].[/] - Initializing Spring DispatcherServlet 'dispatcherServlet'
2020-03-17 12:22:41.619 [http-nio-8866-exec-1] INFO  org.springframework.web.servlet.DispatcherServlet - Initializing Servlet 'dispatcherServlet'
2020-03-17 12:22:41.656 [http-nio-8866-exec-1] INFO  org.springframework.web.servlet.DispatcherServlet - Completed initialization in 37 ms
2020-03-17 12:26:11.784 [DiscoveryClient-HeartbeatExecutor-2] INFO  c.n.d.s.t.decorator.RetryableEurekaHttpClient - Request execution succeeded on retry #1
2020-03-17 12:27:13.631 [AsyncResolver-bootstrap-executor-0] INFO  c.n.d.shared.resolver.aws.ConfigClusterResolver - Resolving eureka endpoints via configuration
2020-03-17 12:31:04.645 [SpringContextShutdownHook] INFO  o.s.c.n.e.serviceregistry.EurekaServiceRegistry - Unregistering application MESSAGECENTER with eureka with status DOWN
2020-03-17 12:31:04.645 [DiscoveryClient-InstanceInfoReplicator-0] INFO  com.netflix.discovery.DiscoveryClient - DiscoveryClient_MESSAGECENTER/windows10.microdone.cn:messagecenter:8866: registering service...
2020-03-17 12:31:04.656 [SpringContextShutdownHook] INFO  o.s.scheduling.concurrent.ThreadPoolTaskExecutor - Shutting down ExecutorService 'applicationTaskExecutor'
2020-03-17 12:31:04.662 [DiscoveryClient-InstanceInfoReplicator-0] INFO  com.netflix.discovery.DiscoveryClient - DiscoveryClient_MESSAGECENTER/windows10.microdone.cn:messagecenter:8866 - registration status: 204
2020-03-17 12:31:05.239 [SpringContextShutdownHook] INFO  com.netflix.discovery.DiscoveryClient - Shutting down DiscoveryClient ...
2020-03-17 12:31:08.240 [SpringContextShutdownHook] INFO  com.netflix.discovery.DiscoveryClient - Unregistering ...
2020-03-17 12:31:08.266 [SpringContextShutdownHook] INFO  com.netflix.discovery.DiscoveryClient - DiscoveryClient_MESSAGECENTER/windows10.microdone.cn:messagecenter:8866 - deregister  status: 200
2020-03-17 12:31:08.297 [SpringContextShutdownHook] INFO  com.netflix.discovery.DiscoveryClient - Completed shut down of DiscoveryClient
2020-03-17 12:31:16.018 [restartedMain] INFO  org.smartwork.SmartworkApplication - The following profiles are active: dev
2020-03-17 12:31:17.736 [restartedMain] INFO  o.s.d.r.config.RepositoryConfigurationDelegate - Multiple Spring Data modules found, entering strict repository configuration mode!
2020-03-17 12:31:17.739 [restartedMain] INFO  o.s.d.r.config.RepositoryConfigurationDelegate - Bootstrapping Spring Data Redis repositories in DEFAULT mode.
2020-03-17 12:31:17.784 [restartedMain] INFO  o.s.d.r.config.RepositoryConfigurationDelegate - Finished Spring Data repository scanning in 21ms. Found 0 Redis repository interfaces.
2020-03-17 12:31:18.700 [restartedMain] INFO  o.springframework.cloud.context.scope.GenericScope - BeanFactory id=db18790a-2cb9-389d-85b1-7022792787f4
2020-03-17 12:31:19.209 [restartedMain] INFO  o.s.c.s.PostProcessorRegistrationDelegate$BeanPostProcessorChecker - Bean 'org.springframework.transaction.annotation.ProxyTransactionManagementConfiguration' of type [org.springframework.transaction.annotation.ProxyTransactionManagementConfiguration] is not eligible for getting processed by all BeanPostProcessors (for example: not eligible for auto-proxying)
2020-03-17 12:31:19.334 [restartedMain] INFO  o.s.c.s.PostProcessorRegistrationDelegate$BeanPostProcessorChecker - Bean 'spring.datasource.dynamic-com.baomidou.dynamic.datasource.spring.boot.autoconfigure.DynamicDataSourceProperties' of type [com.baomidou.dynamic.datasource.spring.boot.autoconfigure.DynamicDataSourceProperties] is not eligible for getting processed by all BeanPostProcessors (for example: not eligible for auto-proxying)
2020-03-17 12:31:19.347 [restartedMain] INFO  o.s.c.s.PostProcessorRegistrationDelegate$BeanPostProcessorChecker - Bean 'com.baomidou.dynamic.datasource.spring.boot.autoconfigure.DynamicDataSourceAutoConfiguration' of type [com.baomidou.dynamic.datasource.spring.boot.autoconfigure.DynamicDataSourceAutoConfiguration$$EnhancerBySpringCGLIB$$d48a63b7] is not eligible for getting processed by all BeanPostProcessors (for example: not eligible for auto-proxying)
2020-03-17 12:31:19.385 [restartedMain] INFO  o.s.c.s.PostProcessorRegistrationDelegate$BeanPostProcessorChecker - Bean 'dsProcessor' of type [com.baomidou.dynamic.datasource.processor.DsHeaderProcessor] is not eligible for getting processed by all BeanPostProcessors (for example: not eligible for auto-proxying)
2020-03-17 12:31:19.401 [restartedMain] INFO  o.s.c.s.PostProcessorRegistrationDelegate$BeanPostProcessorChecker - Bean 'dynamicDatasourceAnnotationAdvisor' of type [com.baomidou.dynamic.datasource.aop.DynamicDataSourceAnnotationAdvisor] is not eligible for getting processed by all BeanPostProcessors (for example: not eligible for auto-proxying)
2020-03-17 12:31:19.439 [restartedMain] INFO  o.s.c.s.PostProcessorRegistrationDelegate$BeanPostProcessorChecker - Bean 'spring.redis-org.springframework.boot.autoconfigure.data.redis.RedisProperties' of type [org.springframework.boot.autoconfigure.data.redis.RedisProperties] is not eligible for getting processed by all BeanPostProcessors (for example: not eligible for auto-proxying)
2020-03-17 12:31:19.454 [restartedMain] INFO  o.s.c.s.PostProcessorRegistrationDelegate$BeanPostProcessorChecker - Bean 'org.springframework.boot.autoconfigure.data.redis.LettuceConnectionConfiguration' of type [org.springframework.boot.autoconfigure.data.redis.LettuceConnectionConfiguration] is not eligible for getting processed by all BeanPostProcessors (for example: not eligible for auto-proxying)
2020-03-17 12:31:19.628 [restartedMain] INFO  o.s.c.s.PostProcessorRegistrationDelegate$BeanPostProcessorChecker - Bean 'lettuceClientResources' of type [io.lettuce.core.resource.DefaultClientResources] is not eligible for getting processed by all BeanPostProcessors (for example: not eligible for auto-proxying)
2020-03-17 12:31:19.756 [restartedMain] INFO  o.s.c.s.PostProcessorRegistrationDelegate$BeanPostProcessorChecker - Bean 'redisConnectionFactory' of type [org.springframework.data.redis.connection.lettuce.LettuceConnectionFactory] is not eligible for getting processed by all BeanPostProcessors (for example: not eligible for auto-proxying)
2020-03-17 12:31:19.781 [restartedMain] INFO  o.s.c.s.PostProcessorRegistrationDelegate$BeanPostProcessorChecker - Bean 'redisConfig' of type [org.forbes.config.RedisConfig$$EnhancerBySpringCGLIB$$45812979] is not eligible for getting processed by all BeanPostProcessors (for example: not eligible for auto-proxying)
2020-03-17 12:31:19.885 [restartedMain] INFO  o.s.c.s.PostProcessorRegistrationDelegate$BeanPostProcessorChecker - Bean 'org.springframework.cloud.sleuth.instrument.messaging.TraceMessagingAutoConfiguration$SleuthKafkaConfiguration' of type [org.springframework.cloud.sleuth.instrument.messaging.TraceMessagingAutoConfiguration$SleuthKafkaConfiguration] is not eligible for getting processed by all BeanPostProcessors (for example: not eligible for auto-proxying)
2020-03-17 12:31:19.896 [restartedMain] INFO  o.s.c.s.PostProcessorRegistrationDelegate$BeanPostProcessorChecker - Bean 'spring.sleuth.redis-org.springframework.cloud.sleuth.instrument.redis.TraceRedisProperties' of type [org.springframework.cloud.sleuth.instrument.redis.TraceRedisProperties] is not eligible for getting processed by all BeanPostProcessors (for example: not eligible for auto-proxying)
2020-03-17 12:31:20.549 [restartedMain] INFO  o.s.boot.web.embedded.tomcat.TomcatWebServer - Tomcat initialized with port(s): 8866 (http)
2020-03-17 12:31:20.561 [restartedMain] INFO  org.apache.coyote.http11.Http11NioProtocol - Initializing ProtocolHandler ["http-nio-8866"]
2020-03-17 12:31:20.561 [restartedMain] INFO  org.apache.catalina.core.StandardService - Starting service [Tomcat]
2020-03-17 12:31:20.561 [restartedMain] INFO  org.apache.catalina.core.StandardEngine - Starting Servlet engine: [Apache Tomcat/9.0.30]
2020-03-17 12:31:20.564 [restartedMain] INFO  org.apache.catalina.core.AprLifecycleListener - Loaded APR based Apache Tomcat Native library [1.2.23] using APR version [1.7.0].
2020-03-17 12:31:20.564 [restartedMain] INFO  org.apache.catalina.core.AprLifecycleListener - APR capabilities: IPv6 [true], sendfile [true], accept filters [false], random [true].
2020-03-17 12:31:20.564 [restartedMain] INFO  org.apache.catalina.core.AprLifecycleListener - APR/OpenSSL configuration: useAprConnector [false], useOpenSSL [true]
2020-03-17 12:31:20.568 [restartedMain] INFO  org.apache.catalina.core.AprLifecycleListener - OpenSSL successfully initialized [OpenSSL 1.1.1c  28 May 2019]
2020-03-17 12:31:20.727 [restartedMain] INFO  o.a.c.core.ContainerBase.[Tomcat].[localhost].[/] - Initializing Spring embedded WebApplicationContext
2020-03-17 12:31:20.727 [restartedMain] INFO  org.springframework.web.context.ContextLoader - Root WebApplicationContext: initialization completed in 4685 ms
2020-03-17 12:31:21.829 [restartedMain] INFO  c.b.dynamic.datasource.DynamicDataSourceCreator - 动态数据源-检测到druid存在,如配置中未指定type,druid会默认配置
2020-03-17 12:31:22.571 [restartedMain] INFO  com.alibaba.druid.pool.DruidDataSource - {dataSource-1,master} inited
2020-03-17 12:31:43.646 [restartedMain] INFO  com.alibaba.druid.pool.DruidDataSource - {dataSource-2,msglog} inited
2020-03-17 12:31:43.647 [restartedMain] INFO  c.b.dynamic.datasource.DynamicRoutingDataSource - 初始共加载 2 个数据源
2020-03-17 12:31:43.647 [restartedMain] INFO  c.b.dynamic.datasource.DynamicRoutingDataSource - 动态数据源-加载 msglog 成功
2020-03-17 12:31:43.648 [restartedMain] INFO  c.b.dynamic.datasource.DynamicRoutingDataSource - 动态数据源-加载 master 成功
2020-03-17 12:31:43.648 [restartedMain] INFO  c.b.dynamic.datasource.DynamicRoutingDataSource - 当前的默认数据源是单数据源，数据源名为 master
2020-03-17 12:31:45.802 [restartedMain] INFO  s.d.s.w.PropertySourcedRequestMappingHandlerMapping - Mapped URL path [/v2/api-docs] onto method [springfox.documentation.swagger2.web.Swagger2Controller#getDocumentation(String, HttpServletRequest)]
2020-03-17 12:31:45.840 [restartedMain] INFO  com.netflix.config.sources.URLConfigurationSource - To enable URLs as dynamic configuration sources, define System property archaius.configurationSource.additionalUrls or make config.properties available on classpath.
2020-03-17 12:31:45.847 [restartedMain] INFO  com.netflix.config.sources.URLConfigurationSource - To enable URLs as dynamic configuration sources, define System property archaius.configurationSource.additionalUrls or make config.properties available on classpath.
2020-03-17 12:31:46.211 [restartedMain] INFO  o.s.scheduling.concurrent.ThreadPoolTaskExecutor - Initializing ExecutorService 'applicationTaskExecutor'
2020-03-17 12:31:46.349 [restartedMain] INFO  o.s.b.d.autoconfigure.OptionalLiveReloadServer - LiveReload server is running on port 35729
2020-03-17 12:31:49.491 [restartedMain] INFO  o.s.cloud.netflix.eureka.InstanceInfoFactory - Setting initial instance status as: STARTING
2020-03-17 12:31:49.538 [restartedMain] INFO  com.netflix.discovery.DiscoveryClient - Initializing Eureka in region us-east-1
2020-03-17 12:31:49.850 [restartedMain] INFO  c.n.discovery.provider.DiscoveryJerseyProvider - Using JSON encoding codec LegacyJacksonJson
2020-03-17 12:31:49.850 [restartedMain] INFO  c.n.discovery.provider.DiscoveryJerseyProvider - Using JSON decoding codec LegacyJacksonJson
2020-03-17 12:31:50.015 [restartedMain] INFO  c.n.discovery.provider.DiscoveryJerseyProvider - Using XML encoding codec XStreamXml
2020-03-17 12:31:50.015 [restartedMain] INFO  c.n.discovery.provider.DiscoveryJerseyProvider - Using XML decoding codec XStreamXml
2020-03-17 12:31:50.293 [restartedMain] INFO  c.n.d.shared.resolver.aws.ConfigClusterResolver - Resolving eureka endpoints via configuration
2020-03-17 12:31:50.445 [restartedMain] INFO  com.netflix.discovery.DiscoveryClient - Disable delta property : false
2020-03-17 12:31:50.445 [restartedMain] INFO  com.netflix.discovery.DiscoveryClient - Single vip registry refresh property : null
2020-03-17 12:31:50.446 [restartedMain] INFO  com.netflix.discovery.DiscoveryClient - Force full registry fetch : false
2020-03-17 12:31:50.446 [restartedMain] INFO  com.netflix.discovery.DiscoveryClient - Application is null : false
2020-03-17 12:31:50.446 [restartedMain] INFO  com.netflix.discovery.DiscoveryClient - Registered Applications size is zero : true
2020-03-17 12:31:50.446 [restartedMain] INFO  com.netflix.discovery.DiscoveryClient - Application version is -1: true
2020-03-17 12:31:50.446 [restartedMain] INFO  com.netflix.discovery.DiscoveryClient - Getting all instance registry info from the eureka server
2020-03-17 12:31:50.723 [restartedMain] INFO  com.netflix.discovery.DiscoveryClient - The response status is 200
2020-03-17 12:31:50.727 [restartedMain] INFO  com.netflix.discovery.DiscoveryClient - Starting heartbeat executor: renew interval is: 5
2020-03-17 12:31:50.731 [restartedMain] INFO  com.netflix.discovery.InstanceInfoReplicator - InstanceInfoReplicator onDemand update allowed rate per min is 4
2020-03-17 12:31:50.737 [restartedMain] INFO  com.netflix.discovery.DiscoveryClient - Discovery Client initialized at timestamp 1584419510736 with initial instances count: 11
2020-03-17 12:31:50.758 [restartedMain] INFO  o.s.c.n.e.serviceregistry.EurekaServiceRegistry - Registering application MESSAGECENTER with eureka with status UP
2020-03-17 12:31:50.759 [restartedMain] INFO  com.netflix.discovery.DiscoveryClient - Saw local status change event StatusChangeEvent [timestamp=1584419510759, current=UP, previous=STARTING]
2020-03-17 12:31:50.764 [restartedMain] INFO  s.d.s.web.plugins.DocumentationPluginsBootstrapper - Context refreshed
2020-03-17 12:31:50.765 [DiscoveryClient-InstanceInfoReplicator-0] INFO  com.netflix.discovery.DiscoveryClient - DiscoveryClient_MESSAGECENTER/windows10.microdone.cn:messagecenter:8866: registering service...
2020-03-17 12:31:50.796 [restartedMain] INFO  s.d.s.web.plugins.DocumentationPluginsBootstrapper - Found 1 custom documentation plugin(s)
2020-03-17 12:31:50.839 [DiscoveryClient-InstanceInfoReplicator-0] INFO  com.netflix.discovery.DiscoveryClient - DiscoveryClient_MESSAGECENTER/windows10.microdone.cn:messagecenter:8866 - registration status: 204
2020-03-17 12:31:50.863 [restartedMain] INFO  s.d.spring.web.scanners.ApiListingReferenceScanner - Scanning for api listing references
2020-03-17 12:31:51.135 [restartedMain] INFO  s.d.s.w.r.operation.CachingOperationNameGenerator - Generating unique operation named: addUsingPOST_1
2020-03-17 12:31:51.138 [restartedMain] INFO  s.d.s.w.r.operation.CachingOperationNameGenerator - Generating unique operation named: checkCodeUsingGET_1
2020-03-17 12:31:51.140 [restartedMain] INFO  s.d.s.w.r.operation.CachingOperationNameGenerator - Generating unique operation named: deleteUsingDELETE_1
2020-03-17 12:31:51.144 [restartedMain] INFO  s.d.s.w.r.operation.CachingOperationNameGenerator - Generating unique operation named: deleteBatchUsingDELETE_1
2020-03-17 12:31:51.147 [restartedMain] INFO  s.d.s.w.r.operation.CachingOperationNameGenerator - Generating unique operation named: editUsingPUT_1
2020-03-17 12:31:51.149 [restartedMain] INFO  s.d.s.w.r.operation.CachingOperationNameGenerator - Generating unique operation named: receByIdUsingGET_1
2020-03-17 12:31:51.154 [restartedMain] INFO  s.d.s.w.r.operation.CachingOperationNameGenerator - Generating unique operation named: selecAllsUsingGET_1
2020-03-17 12:31:51.167 [restartedMain] INFO  s.d.s.w.r.operation.CachingOperationNameGenerator - Generating unique operation named: selectPageUsingGET_1
2020-03-17 12:31:51.184 [restartedMain] INFO  s.d.s.w.r.operation.CachingOperationNameGenerator - Generating unique operation named: addUsingPOST_2
2020-03-17 12:31:51.186 [restartedMain] INFO  s.d.s.w.r.operation.CachingOperationNameGenerator - Generating unique operation named: checkCodeUsingGET_2
2020-03-17 12:31:51.188 [restartedMain] INFO  s.d.s.w.r.operation.CachingOperationNameGenerator - Generating unique operation named: deleteUsingDELETE_2
2020-03-17 12:31:51.190 [restartedMain] INFO  s.d.s.w.r.operation.CachingOperationNameGenerator - Generating unique operation named: deleteBatchUsingDELETE_2
2020-03-17 12:31:51.192 [restartedMain] INFO  s.d.s.w.r.operation.CachingOperationNameGenerator - Generating unique operation named: editUsingPUT_2
2020-03-17 12:31:51.194 [restartedMain] INFO  s.d.s.w.r.operation.CachingOperationNameGenerator - Generating unique operation named: receByIdUsingGET_2
2020-03-17 12:31:51.199 [restartedMain] INFO  s.d.s.w.r.operation.CachingOperationNameGenerator - Generating unique operation named: selecAllsUsingGET_2
2020-03-17 12:31:51.211 [restartedMain] INFO  s.d.s.w.r.operation.CachingOperationNameGenerator - Generating unique operation named: selectPageUsingGET_2
2020-03-17 12:31:51.225 [restartedMain] INFO  s.d.s.w.r.operation.CachingOperationNameGenerator - Generating unique operation named: addUsingPOST_3
2020-03-17 12:31:51.229 [restartedMain] INFO  s.d.s.w.r.operation.CachingOperationNameGenerator - Generating unique operation named: checkCodeUsingGET_3
2020-03-17 12:31:51.232 [restartedMain] INFO  s.d.s.w.r.operation.CachingOperationNameGenerator - Generating unique operation named: deleteUsingDELETE_3
2020-03-17 12:31:51.234 [restartedMain] INFO  s.d.s.w.r.operation.CachingOperationNameGenerator - Generating unique operation named: deleteBatchUsingDELETE_3
2020-03-17 12:31:51.237 [restartedMain] INFO  s.d.s.w.r.operation.CachingOperationNameGenerator - Generating unique operation named: editUsingPUT_3
2020-03-17 12:31:51.240 [restartedMain] INFO  s.d.s.w.r.operation.CachingOperationNameGenerator - Generating unique operation named: receByIdUsingGET_3
2020-03-17 12:31:51.245 [restartedMain] INFO  s.d.s.w.r.operation.CachingOperationNameGenerator - Generating unique operation named: selecAllsUsingGET_3
2020-03-17 12:31:51.257 [restartedMain] INFO  s.d.s.w.r.operation.CachingOperationNameGenerator - Generating unique operation named: selectPageUsingGET_3
2020-03-17 12:31:51.273 [restartedMain] INFO  s.d.s.w.r.operation.CachingOperationNameGenerator - Generating unique operation named: addUsingPOST_4
2020-03-17 12:31:51.274 [restartedMain] INFO  s.d.s.w.r.operation.CachingOperationNameGenerator - Generating unique operation named: checkCodeUsingGET_4
2020-03-17 12:31:51.277 [restartedMain] INFO  s.d.s.w.r.operation.CachingOperationNameGenerator - Generating unique operation named: deleteUsingDELETE_4
2020-03-17 12:31:51.278 [restartedMain] INFO  s.d.s.w.r.operation.CachingOperationNameGenerator - Generating unique operation named: deleteBatchUsingDELETE_4
2020-03-17 12:31:51.282 [restartedMain] INFO  s.d.s.w.r.operation.CachingOperationNameGenerator - Generating unique operation named: editUsingPUT_4
2020-03-17 12:31:51.286 [restartedMain] INFO  s.d.s.w.r.operation.CachingOperationNameGenerator - Generating unique operation named: receByIdUsingGET_4
2020-03-17 12:31:51.290 [restartedMain] INFO  s.d.s.w.r.operation.CachingOperationNameGenerator - Generating unique operation named: selecAllsUsingGET_4
2020-03-17 12:31:51.306 [restartedMain] INFO  s.d.s.w.r.operation.CachingOperationNameGenerator - Generating unique operation named: selectPageUsingGET_4
2020-03-17 12:31:51.320 [restartedMain] INFO  s.d.s.w.r.operation.CachingOperationNameGenerator - Generating unique operation named: addUsingPOST_5
2020-03-17 12:31:51.322 [restartedMain] INFO  s.d.s.w.r.operation.CachingOperationNameGenerator - Generating unique operation named: checkCodeUsingGET_5
2020-03-17 12:31:51.324 [restartedMain] INFO  s.d.s.w.r.operation.CachingOperationNameGenerator - Generating unique operation named: deleteUsingDELETE_5
2020-03-17 12:31:51.325 [restartedMain] INFO  s.d.s.w.r.operation.CachingOperationNameGenerator - Generating unique operation named: deleteBatchUsingDELETE_5
2020-03-17 12:31:51.328 [restartedMain] INFO  s.d.s.w.r.operation.CachingOperationNameGenerator - Generating unique operation named: editUsingPUT_5
2020-03-17 12:31:51.330 [restartedMain] INFO  s.d.s.w.r.operation.CachingOperationNameGenerator - Generating unique operation named: receByIdUsingGET_5
2020-03-17 12:31:51.338 [restartedMain] INFO  s.d.s.w.r.operation.CachingOperationNameGenerator - Generating unique operation named: selecAllsUsingGET_5
2020-03-17 12:31:51.361 [restartedMain] INFO  s.d.s.w.r.operation.CachingOperationNameGenerator - Generating unique operation named: selectPageUsingGET_5
2020-03-17 12:31:51.383 [restartedMain] INFO  s.d.s.w.r.operation.CachingOperationNameGenerator - Generating unique operation named: addUsingPOST_6
2020-03-17 12:31:51.385 [restartedMain] INFO  s.d.s.w.r.operation.CachingOperationNameGenerator - Generating unique operation named: changeReleaseStateUsingPUT_1
2020-03-17 12:31:51.390 [restartedMain] INFO  s.d.s.w.r.operation.CachingOperationNameGenerator - Generating unique operation named: checkCodeUsingGET_6
2020-03-17 12:31:51.394 [restartedMain] INFO  s.d.s.w.r.operation.CachingOperationNameGenerator - Generating unique operation named: deleteUsingDELETE_6
2020-03-17 12:31:51.396 [restartedMain] INFO  s.d.s.w.r.operation.CachingOperationNameGenerator - Generating unique operation named: deleteBatchUsingDELETE_6
2020-03-17 12:31:51.400 [restartedMain] INFO  s.d.s.w.r.operation.CachingOperationNameGenerator - Generating unique operation named: editUsingPUT_6
2020-03-17 12:31:51.402 [restartedMain] INFO  s.d.s.w.r.operation.CachingOperationNameGenerator - Generating unique operation named: receByIdUsingGET_6
2020-03-17 12:31:51.410 [restartedMain] INFO  s.d.s.w.r.operation.CachingOperationNameGenerator - Generating unique operation named: selecAllsUsingGET_6
2020-03-17 12:31:51.431 [restartedMain] INFO  s.d.s.w.r.operation.CachingOperationNameGenerator - Generating unique operation named: selectPageUsingGET_6
2020-03-17 12:31:51.487 [restartedMain] INFO  org.apache.coyote.http11.Http11NioProtocol - Starting ProtocolHandler ["http-nio-8866"]
2020-03-17 12:31:51.543 [restartedMain] INFO  o.s.boot.web.embedded.tomcat.TomcatWebServer - Tomcat started on port(s): 8866 (http) with context path ''
2020-03-17 12:31:51.544 [restartedMain] INFO  o.s.c.n.e.s.EurekaAutoServiceRegistration - Updating port to 8866
2020-03-17 12:31:51.747 [restartedMain] INFO  org.smartwork.SmartworkApplication - Started SmartworkApplication in 37.386 seconds (JVM running for 38.957)
2020-03-17 12:32:01.531 [http-nio-8866-exec-1] INFO  o.a.c.core.ContainerBase.[Tomcat].[localhost].[/] - Initializing Spring DispatcherServlet 'dispatcherServlet'
2020-03-17 12:32:01.531 [http-nio-8866-exec-1] INFO  org.springframework.web.servlet.DispatcherServlet - Initializing Servlet 'dispatcherServlet'
2020-03-17 12:32:01.567 [http-nio-8866-exec-1] INFO  org.springframework.web.servlet.DispatcherServlet - Completed initialization in 35 ms
2020-03-17 12:32:25.664 [Druid-ConnectionPool-Create-1538006052] INFO  com.alibaba.druid.pool.DruidAbstractDataSource - {dataSource-2} failContinuous is true
